<?xml version="1.0" encoding="UTF-8"?>
  <testsuite name="Integration Test Suite" tests="8" failures="0" errors="0" time="0.151">
      <testcase name="Custom Resource Definition for verrazzano install verrazzanos.install.verrazzano.io exists" classname="Integration Test Suite" time="0.043557168"></testcase>
      <testcase name="verrazzano-install namespace resources  Namespace verrazzano-install exists" classname="Integration Test Suite" time="0.021156832"></testcase>
      <testcase name="verrazzano-install namespace resources  ServiceAccount verrazzano-platform-operator exists" classname="Integration Test Suite" time="0.008650824"></testcase>
      <testcase name="verrazzano-install namespace resources  Deployment verrazzano-platform-operator exists" classname="Integration Test Suite" time="0.018586509"></testcase>
      <testcase name="verrazzano-install namespace resources  Pod prefixed by verrazzano-platform-operator exists" classname="Integration Test Suite" time="0.022598997"></testcase>
      <testcase name="verrazzano-install namespace resources  is running (within 1m)" classname="Integration Test Suite" time="0.010935732"></testcase>
      <testcase name="Verrazzano cluster roles and bindings for platform operator Cluster admin role cluster-admin exists" classname="Integration Test Suite" time="0.014857377"></testcase>
      <testcase name="Verrazzano cluster roles and bindings for platform operator Cluster role binding for platform operator verrazzano-platform-operator exists" classname="Integration Test Suite" time="0.007203321"></testcase>
  </testsuite>