mode: set
github.com/verrazzano/verrazzano/platform-operator/controllers/verrazzano/component/thanos/module_integration.go:16.80,21.2 1 0
github.com/verrazzano/verrazzano/platform-operator/controllers/verrazzano/component/thanos/thanos.go:41.54,42.55 1 1
github.com/verrazzano/verrazzano/platform-operator/controllers/verrazzano/component/thanos/thanos.go:42.55,43.48 1 1
github.com/verrazzano/verrazzano/platform-operator/controllers/verrazzano/component/thanos/thanos.go:43.48,45.4 1 1
github.com/verrazzano/verrazzano/platform-operator/controllers/verrazzano/component/thanos/thanos.go:46.3,46.29 1 1
github.com/verrazzano/verrazzano/platform-operator/controllers/verrazzano/component/thanos/thanos.go:47.8,47.64 1 1
github.com/verrazzano/verrazzano/platform-operator/controllers/verrazzano/component/thanos/thanos.go:47.64,48.48 1 1
github.com/verrazzano/verrazzano/platform-operator/controllers/verrazzano/component/thanos/thanos.go:48.48,50.4 1 1
github.com/verrazzano/verrazzano/platform-operator/controllers/verrazzano/component/thanos/thanos.go:51.3,51.31 1 1
github.com/verrazzano/verrazzano/platform-operator/controllers/verrazzano/component/thanos/thanos.go:53.2,53.28 1 0
github.com/verrazzano/verrazzano/platform-operator/controllers/verrazzano/component/thanos/thanos.go:57.122,59.16 2 1
github.com/verrazzano/verrazzano/platform-operator/controllers/verrazzano/component/thanos/thanos.go:59.16,61.3 1 0
github.com/verrazzano/verrazzano/platform-operator/controllers/verrazzano/component/thanos/thanos.go:63.2,64.16 2 1
github.com/verrazzano/verrazzano/platform-operator/controllers/verrazzano/component/thanos/thanos.go:64.16,66.3 1 0
github.com/verrazzano/verrazzano/platform-operator/controllers/verrazzano/component/thanos/thanos.go:67.2,72.16 4 1
github.com/verrazzano/verrazzano/platform-operator/controllers/verrazzano/component/thanos/thanos.go:72.16,74.3 1 0
github.com/verrazzano/verrazzano/platform-operator/controllers/verrazzano/component/thanos/thanos.go:76.2,76.41 1 1
github.com/verrazzano/verrazzano/platform-operator/controllers/verrazzano/component/thanos/thanos.go:81.93,87.2 3 1
github.com/verrazzano/verrazzano/platform-operator/controllers/verrazzano/component/thanos/thanos.go:90.56,92.20 1 1
github.com/verrazzano/verrazzano/platform-operator/controllers/verrazzano/component/thanos/thanos.go:92.20,95.3 2 0
github.com/verrazzano/verrazzano/platform-operator/controllers/verrazzano/component/thanos/thanos.go:98.2,99.56 2 1
github.com/verrazzano/verrazzano/platform-operator/controllers/verrazzano/component/thanos/thanos.go:103.124,105.16 2 1
github.com/verrazzano/verrazzano/platform-operator/controllers/verrazzano/component/thanos/thanos.go:105.16,107.3 1 0
github.com/verrazzano/verrazzano/platform-operator/controllers/verrazzano/component/thanos/thanos.go:109.2,109.25 1 1
github.com/verrazzano/verrazzano/platform-operator/controllers/verrazzano/component/thanos/thanos.go:109.25,111.3 1 0
github.com/verrazzano/verrazzano/platform-operator/controllers/verrazzano/component/thanos/thanos.go:112.2,112.35 1 1
github.com/verrazzano/verrazzano/platform-operator/controllers/verrazzano/component/thanos/thanos.go:112.35,114.3 1 0
github.com/verrazzano/verrazzano/platform-operator/controllers/verrazzano/component/thanos/thanos.go:116.2,136.17 5 1
github.com/verrazzano/verrazzano/platform-operator/controllers/verrazzano/component/thanos/thanos.go:139.109,143.2 3 1
github.com/verrazzano/verrazzano/platform-operator/controllers/verrazzano/component/thanos/thanos.go:146.99,148.45 1 1
github.com/verrazzano/verrazzano/platform-operator/controllers/verrazzano/component/thanos/thanos.go:148.45,153.3 1 1
github.com/verrazzano/verrazzano/platform-operator/controllers/verrazzano/component/thanos/thanos.go:155.2,157.16 3 1
github.com/verrazzano/verrazzano/platform-operator/controllers/verrazzano/component/thanos/thanos.go:157.16,159.3 1 0
github.com/verrazzano/verrazzano/platform-operator/controllers/verrazzano/component/thanos/thanos.go:161.2,200.58 11 1
github.com/verrazzano/verrazzano/platform-operator/controllers/verrazzano/component/thanos/thanos.go:217.123,230.50 3 1
github.com/verrazzano/verrazzano/platform-operator/controllers/verrazzano/component/thanos/thanos.go:230.50,235.3 1 1
github.com/verrazzano/verrazzano/platform-operator/controllers/verrazzano/component/thanos/thanos.go:236.2,240.12 2 1
github.com/verrazzano/verrazzano/platform-operator/controllers/verrazzano/component/thanos/thanos_component.go:47.35,82.2 1 1
github.com/verrazzano/verrazzano/platform-operator/controllers/verrazzano/component/thanos/thanos_component.go:85.65,87.2 1 1
github.com/verrazzano/verrazzano/platform-operator/controllers/verrazzano/component/thanos/thanos_component.go:91.105,99.2 4 1
github.com/verrazzano/verrazzano/platform-operator/controllers/verrazzano/component/thanos/thanos_component.go:102.71,112.2 4 1
github.com/verrazzano/verrazzano/platform-operator/controllers/verrazzano/component/thanos/thanos_component.go:114.97,116.71 2 1
github.com/verrazzano/verrazzano/platform-operator/controllers/verrazzano/component/thanos/thanos_component.go:116.71,117.99 1 1
github.com/verrazzano/verrazzano/platform-operator/controllers/verrazzano/component/thanos/thanos_component.go:117.99,119.4 1 1
github.com/verrazzano/verrazzano/platform-operator/controllers/verrazzano/component/thanos/thanos_component.go:121.2,121.27 1 1
github.com/verrazzano/verrazzano/platform-operator/controllers/verrazzano/component/thanos/thanos_component.go:124.98,126.65 2 1
github.com/verrazzano/verrazzano/platform-operator/controllers/verrazzano/component/thanos/thanos_component.go:126.65,127.93 1 1
github.com/verrazzano/verrazzano/platform-operator/controllers/verrazzano/component/thanos/thanos_component.go:127.93,129.4 1 1
github.com/verrazzano/verrazzano/platform-operator/controllers/verrazzano/component/thanos/thanos_component.go:131.2,131.28 1 1
github.com/verrazzano/verrazzano/platform-operator/controllers/verrazzano/component/thanos/thanos_component.go:135.69,137.2 1 1
github.com/verrazzano/verrazzano/platform-operator/controllers/verrazzano/component/thanos/thanos_component.go:140.69,141.47 1 1
github.com/verrazzano/verrazzano/platform-operator/controllers/verrazzano/component/thanos/thanos_component.go:141.47,143.3 1 0
github.com/verrazzano/verrazzano/platform-operator/controllers/verrazzano/component/thanos/thanos_component.go:145.2,145.40 1 1
github.com/verrazzano/verrazzano/platform-operator/controllers/verrazzano/component/thanos/thanos_component.go:149.69,150.47 1 0
github.com/verrazzano/verrazzano/platform-operator/controllers/verrazzano/component/thanos/thanos_component.go:150.47,152.3 1 0
github.com/verrazzano/verrazzano/platform-operator/controllers/verrazzano/component/thanos/thanos_component.go:154.2,154.40 1 0
github.com/verrazzano/verrazzano/platform-operator/controllers/verrazzano/component/thanos/thanos_component.go:158.91,160.89 2 1
github.com/verrazzano/verrazzano/platform-operator/controllers/verrazzano/component/thanos/thanos_component.go:160.89,162.3 1 1
github.com/verrazzano/verrazzano/platform-operator/controllers/verrazzano/component/thanos/thanos_component.go:163.2,164.48 2 1
github.com/verrazzano/verrazzano/platform-operator/controllers/verrazzano/component/thanos/thanos_component.go:164.48,166.3 1 1
github.com/verrazzano/verrazzano/platform-operator/controllers/verrazzano/component/thanos/thanos_component.go:167.2,178.4 3 1
github.com/verrazzano/verrazzano/platform-operator/controllers/verrazzano/component/thanos/thanos_component.go:182.95,185.89 2 1
github.com/verrazzano/verrazzano/platform-operator/controllers/verrazzano/component/thanos/thanos_component.go:185.89,187.3 1 1
github.com/verrazzano/verrazzano/platform-operator/controllers/verrazzano/component/thanos/thanos_component.go:188.2,189.48 2 1
github.com/verrazzano/verrazzano/platform-operator/controllers/verrazzano/component/thanos/thanos_component.go:189.48,191.3 1 1
github.com/verrazzano/verrazzano/platform-operator/controllers/verrazzano/component/thanos/thanos_component.go:192.2,203.4 3 1
