mode: set
github.com/verrazzano/verrazzano/platform-operator/controllers/certrotation/certrotation_actions.go:22.100,24.18 2 1
github.com/verrazzano/verrazzano/platform-operator/controllers/certrotation/certrotation_actions.go:28.2,29.16 2 1
github.com/verrazzano/verrazzano/platform-operator/controllers/certrotation/certrotation_actions.go:32.2,33.36 2 1
github.com/verrazzano/verrazzano/platform-operator/controllers/certrotation/certrotation_actions.go:41.2,44.19 2 1
github.com/verrazzano/verrazzano/platform-operator/controllers/certrotation/certrotation_actions.go:24.18,27.3 2 0
github.com/verrazzano/verrazzano/platform-operator/controllers/certrotation/certrotation_actions.go:29.16,31.3 1 0
github.com/verrazzano/verrazzano/platform-operator/controllers/certrotation/certrotation_actions.go:33.36,40.3 2 1
github.com/verrazzano/verrazzano/platform-operator/controllers/certrotation/certrotation_actions.go:49.106,55.45 3 1
github.com/verrazzano/verrazzano/platform-operator/controllers/certrotation/certrotation_actions.go:59.2,60.40 2 1
github.com/verrazzano/verrazzano/platform-operator/controllers/certrotation/certrotation_actions.go:63.2,63.17 1 0
github.com/verrazzano/verrazzano/platform-operator/controllers/certrotation/certrotation_actions.go:55.45,58.3 2 0
github.com/verrazzano/verrazzano/platform-operator/controllers/certrotation/certrotation_actions.go:60.40,62.3 1 1
github.com/verrazzano/verrazzano/platform-operator/controllers/certrotation/certrotation_actions.go:67.94,68.88 1 1
github.com/verrazzano/verrazzano/platform-operator/controllers/certrotation/certrotation_actions.go:72.2,73.12 2 1
github.com/verrazzano/verrazzano/platform-operator/controllers/certrotation/certrotation_actions.go:68.88,71.3 2 0
github.com/verrazzano/verrazzano/platform-operator/controllers/certrotation/certrotation_actions.go:76.82,81.45 5 1
github.com/verrazzano/verrazzano/platform-operator/controllers/certrotation/certrotation_actions.go:85.2,86.16 2 1
github.com/verrazzano/verrazzano/platform-operator/controllers/certrotation/certrotation_actions.go:90.2,91.12 2 1
github.com/verrazzano/verrazzano/platform-operator/controllers/certrotation/certrotation_actions.go:81.45,84.3 2 1
github.com/verrazzano/verrazzano/platform-operator/controllers/certrotation/certrotation_actions.go:86.16,89.3 2 0
github.com/verrazzano/verrazzano/platform-operator/controllers/certrotation/certrotation_actions.go:95.29,108.16 3 1
github.com/verrazzano/verrazzano/platform-operator/controllers/certrotation/certrotation_actions.go:111.2,111.19 1 1
github.com/verrazzano/verrazzano/platform-operator/controllers/certrotation/certrotation_actions.go:108.16,110.3 1 0
github.com/verrazzano/verrazzano/platform-operator/controllers/certrotation/certrotation_controller.go:41.89,45.2 1 0
github.com/verrazzano/verrazzano/platform-operator/controllers/certrotation/certrotation_controller.go:48.118,49.16 1 1
github.com/verrazzano/verrazzano/platform-operator/controllers/certrotation/certrotation_controller.go:52.2,52.65 1 1
github.com/verrazzano/verrazzano/platform-operator/controllers/certrotation/certrotation_controller.go:58.2,58.55 1 1
github.com/verrazzano/verrazzano/platform-operator/controllers/certrotation/certrotation_controller.go:63.2,63.27 1 0
github.com/verrazzano/verrazzano/platform-operator/controllers/certrotation/certrotation_controller.go:49.16,51.3 1 0
github.com/verrazzano/verrazzano/platform-operator/controllers/certrotation/certrotation_controller.go:52.65,54.3 1 0
github.com/verrazzano/verrazzano/platform-operator/controllers/certrotation/certrotation_controller.go:58.55,60.3 1 1
github.com/verrazzano/verrazzano/platform-operator/controllers/certrotation/certrotation_controller.go:60.8,62.3 1 1
github.com/verrazzano/verrazzano/platform-operator/controllers/certrotation/certrotation_controller.go:67.104,76.16 2 1
github.com/verrazzano/verrazzano/platform-operator/controllers/certrotation/certrotation_controller.go:80.2,81.27 2 1
github.com/verrazzano/verrazzano/platform-operator/controllers/certrotation/certrotation_controller.go:76.16,79.3 2 0
github.com/verrazzano/verrazzano/platform-operator/controllers/certrotation/certrotation_controller.go:85.72,87.2 1 1
github.com/verrazzano/verrazzano/platform-operator/controllers/certrotation/certrotation_controller.go:89.84,93.58 4 1
github.com/verrazzano/verrazzano/platform-operator/controllers/certrotation/certrotation_controller.go:96.2,96.27 1 1
github.com/verrazzano/verrazzano/platform-operator/controllers/certrotation/certrotation_controller.go:119.2,119.12 1 1
github.com/verrazzano/verrazzano/platform-operator/controllers/certrotation/certrotation_controller.go:93.58,95.3 1 1
github.com/verrazzano/verrazzano/platform-operator/controllers/certrotation/certrotation_controller.go:96.27,100.21 4 1
github.com/verrazzano/verrazzano/platform-operator/controllers/certrotation/certrotation_controller.go:103.3,105.17 3 1
github.com/verrazzano/verrazzano/platform-operator/controllers/certrotation/certrotation_controller.go:108.3,108.13 1 1
github.com/verrazzano/verrazzano/platform-operator/controllers/certrotation/certrotation_controller.go:100.21,102.4 1 0
github.com/verrazzano/verrazzano/platform-operator/controllers/certrotation/certrotation_controller.go:105.17,107.4 1 0
github.com/verrazzano/verrazzano/platform-operator/controllers/certrotation/certrotation_controller.go:108.13,110.18 2 1
github.com/verrazzano/verrazzano/platform-operator/controllers/certrotation/certrotation_controller.go:113.4,114.18 2 1
github.com/verrazzano/verrazzano/platform-operator/controllers/certrotation/certrotation_controller.go:110.18,112.5 1 0
github.com/verrazzano/verrazzano/platform-operator/controllers/certrotation/certrotation_controller.go:114.18,116.5 1 1
github.com/verrazzano/verrazzano/platform-operator/controllers/certrotation/certrotation_controller.go:122.88,127.16 5 1
github.com/verrazzano/verrazzano/platform-operator/controllers/certrotation/certrotation_controller.go:130.2,130.42 1 1
github.com/verrazzano/verrazzano/platform-operator/controllers/certrotation/certrotation_controller.go:135.2,135.27 1 1
github.com/verrazzano/verrazzano/platform-operator/controllers/certrotation/certrotation_controller.go:138.2,138.83 1 1
github.com/verrazzano/verrazzano/platform-operator/controllers/certrotation/certrotation_controller.go:127.16,129.3 1 0
github.com/verrazzano/verrazzano/platform-operator/controllers/certrotation/certrotation_controller.go:130.42,131.42 1 1
github.com/verrazzano/verrazzano/platform-operator/controllers/certrotation/certrotation_controller.go:131.42,133.4 1 1
github.com/verrazzano/verrazzano/platform-operator/controllers/certrotation/certrotation_controller.go:135.27,137.3 1 1
