mode: set
github.com/verrazzano/verrazzano/platform-operator/controllers/certrotation/certrotation.go:41.169,49.16 2 1
github.com/verrazzano/verrazzano/platform-operator/controllers/certrotation/certrotation.go:54.2,62.33 2 1
github.com/verrazzano/verrazzano/platform-operator/controllers/certrotation/certrotation.go:49.16,52.3 2 0
github.com/verrazzano/verrazzano/platform-operator/controllers/certrotation/certrotation.go:67.47,68.24 1 1
github.com/verrazzano/verrazzano/platform-operator/controllers/certrotation/certrotation.go:72.2,75.12 2 1
github.com/verrazzano/verrazzano/platform-operator/controllers/certrotation/certrotation.go:68.24,71.3 1 1
github.com/verrazzano/verrazzano/platform-operator/controllers/certrotation/certrotation.go:75.12,78.7 3 1
github.com/verrazzano/verrazzano/platform-operator/controllers/certrotation/certrotation.go:78.7,79.11 1 1
github.com/verrazzano/verrazzano/platform-operator/controllers/certrotation/certrotation.go:80.20,82.59 1 0
github.com/verrazzano/verrazzano/platform-operator/controllers/certrotation/certrotation.go:85.23,88.11 2 0
github.com/verrazzano/verrazzano/platform-operator/controllers/certrotation/certrotation.go:82.59,84.6 1 0
github.com/verrazzano/verrazzano/platform-operator/controllers/certrotation/certrotation.go:94.74,98.58 4 1
github.com/verrazzano/verrazzano/platform-operator/controllers/certrotation/certrotation.go:101.2,101.27 1 1
github.com/verrazzano/verrazzano/platform-operator/controllers/certrotation/certrotation.go:124.2,124.12 1 1
github.com/verrazzano/verrazzano/platform-operator/controllers/certrotation/certrotation.go:98.58,100.3 1 1
github.com/verrazzano/verrazzano/platform-operator/controllers/certrotation/certrotation.go:101.27,105.21 4 1
github.com/verrazzano/verrazzano/platform-operator/controllers/certrotation/certrotation.go:108.3,110.17 3 1
github.com/verrazzano/verrazzano/platform-operator/controllers/certrotation/certrotation.go:113.3,113.13 1 1
github.com/verrazzano/verrazzano/platform-operator/controllers/certrotation/certrotation.go:105.21,107.4 1 0
github.com/verrazzano/verrazzano/platform-operator/controllers/certrotation/certrotation.go:110.17,112.4 1 0
github.com/verrazzano/verrazzano/platform-operator/controllers/certrotation/certrotation.go:113.13,115.18 2 1
github.com/verrazzano/verrazzano/platform-operator/controllers/certrotation/certrotation.go:118.4,119.18 2 1
github.com/verrazzano/verrazzano/platform-operator/controllers/certrotation/certrotation.go:115.18,117.5 1 0
github.com/verrazzano/verrazzano/platform-operator/controllers/certrotation/certrotation.go:119.18,121.5 1 1
github.com/verrazzano/verrazzano/platform-operator/controllers/certrotation/certrotation.go:127.78,132.16 5 1
github.com/verrazzano/verrazzano/platform-operator/controllers/certrotation/certrotation.go:135.2,135.42 1 1
github.com/verrazzano/verrazzano/platform-operator/controllers/certrotation/certrotation.go:140.2,140.27 1 1
github.com/verrazzano/verrazzano/platform-operator/controllers/certrotation/certrotation.go:143.2,143.83 1 1
github.com/verrazzano/verrazzano/platform-operator/controllers/certrotation/certrotation.go:132.16,134.3 1 0
github.com/verrazzano/verrazzano/platform-operator/controllers/certrotation/certrotation.go:135.42,136.42 1 1
github.com/verrazzano/verrazzano/platform-operator/controllers/certrotation/certrotation.go:136.42,138.4 1 1
github.com/verrazzano/verrazzano/platform-operator/controllers/certrotation/certrotation.go:140.27,142.3 1 1
github.com/verrazzano/verrazzano/platform-operator/controllers/certrotation/certrotation_actions.go:22.90,24.18 2 1
github.com/verrazzano/verrazzano/platform-operator/controllers/certrotation/certrotation_actions.go:28.2,29.16 2 1
github.com/verrazzano/verrazzano/platform-operator/controllers/certrotation/certrotation_actions.go:32.2,33.36 2 1
github.com/verrazzano/verrazzano/platform-operator/controllers/certrotation/certrotation_actions.go:41.2,44.19 2 1
github.com/verrazzano/verrazzano/platform-operator/controllers/certrotation/certrotation_actions.go:24.18,27.3 2 0
github.com/verrazzano/verrazzano/platform-operator/controllers/certrotation/certrotation_actions.go:29.16,31.3 1 0
github.com/verrazzano/verrazzano/platform-operator/controllers/certrotation/certrotation_actions.go:33.36,40.3 2 1
github.com/verrazzano/verrazzano/platform-operator/controllers/certrotation/certrotation_actions.go:49.96,55.45 3 1
github.com/verrazzano/verrazzano/platform-operator/controllers/certrotation/certrotation_actions.go:59.2,60.40 2 1
github.com/verrazzano/verrazzano/platform-operator/controllers/certrotation/certrotation_actions.go:63.2,63.17 1 0
github.com/verrazzano/verrazzano/platform-operator/controllers/certrotation/certrotation_actions.go:55.45,58.3 2 0
github.com/verrazzano/verrazzano/platform-operator/controllers/certrotation/certrotation_actions.go:60.40,62.3 1 1
github.com/verrazzano/verrazzano/platform-operator/controllers/certrotation/certrotation_actions.go:67.84,68.95 1 1
github.com/verrazzano/verrazzano/platform-operator/controllers/certrotation/certrotation_actions.go:72.2,73.12 2 1
github.com/verrazzano/verrazzano/platform-operator/controllers/certrotation/certrotation_actions.go:68.95,71.3 2 0
github.com/verrazzano/verrazzano/platform-operator/controllers/certrotation/certrotation_actions.go:76.72,81.45 5 1
github.com/verrazzano/verrazzano/platform-operator/controllers/certrotation/certrotation_actions.go:85.2,87.16 3 1
github.com/verrazzano/verrazzano/platform-operator/controllers/certrotation/certrotation_actions.go:91.2,91.12 1 1
github.com/verrazzano/verrazzano/platform-operator/controllers/certrotation/certrotation_actions.go:81.45,84.3 2 1
github.com/verrazzano/verrazzano/platform-operator/controllers/certrotation/certrotation_actions.go:87.16,90.3 2 0
github.com/verrazzano/verrazzano/platform-operator/controllers/certrotation/certrotation_actions.go:95.29,108.16 3 1
github.com/verrazzano/verrazzano/platform-operator/controllers/certrotation/certrotation_actions.go:111.2,111.19 1 1
github.com/verrazzano/verrazzano/platform-operator/controllers/certrotation/certrotation_actions.go:108.16,110.3 1 0
